0 info it worked if it ends with ok
1 verbose cli [ 'node', '/usr/local/bin/npm', 'install' ]
2 info using npm@2.6.1
3 info using node@v0.12.0
4 warn package.json express-demo@ No description
5 warn package.json express-demo@ No repository field.
6 warn package.json express-demo@ No README data
7 verbose install where, deps [ '/Users/ryanpuskas/Documents/express_demo',
7 verbose install   [ 'express',
7 verbose install     'typescript',
7 verbose install     'cheerio',
7 verbose install     'cookie-parser',
7 verbose install     'cookies.txt',
7 verbose install     'request',
7 verbose install     'node-curl' ] ]
8 verbose install where, peers [ '/Users/ryanpuskas/Documents/express_demo', [] ]
9 info preinstall express-demo@
10 silly cache add args [ 'cookie-parser@latest', null ]
11 verbose cache add spec cookie-parser@latest
12 silly cache add args [ 'cookies.txt@latest', null ]
13 verbose cache add spec cookies.txt@latest
14 silly cache add args [ 'request@latest', null ]
15 verbose cache add spec request@latest
16 silly cache add args [ 'node-curl@0.3.3', null ]
17 verbose cache add spec node-curl@0.3.3
18 silly cache add parsed spec { raw: 'node-curl@0.3.3',
18 silly cache add   scope: null,
18 silly cache add   name: 'node-curl',
18 silly cache add   rawSpec: '0.3.3',
18 silly cache add   spec: '0.3.3',
18 silly cache add   type: 'version' }
19 verbose addNamed node-curl@0.3.3
20 silly addNamed semver.valid 0.3.3
21 silly addNamed semver.validRange 0.3.3
22 silly mapToRegistry name node-curl
23 silly mapToRegistry using default registry
24 silly mapToRegistry registry https://registry.npmjs.org/
25 silly mapToRegistry uri https://registry.npmjs.org/node-curl
26 verbose addNameVersion registry:https://registry.npmjs.org/node-curl not in flight; fetching
27 silly cache add args [ 'express@latest', null ]
28 verbose cache add spec express@latest
29 silly cache add args [ 'typescript@latest', null ]
30 verbose cache add spec typescript@latest
31 silly cache add parsed spec { raw: 'cookie-parser@latest',
31 silly cache add   scope: null,
31 silly cache add   name: 'cookie-parser',
31 silly cache add   rawSpec: 'latest',
31 silly cache add   spec: 'latest',
31 silly cache add   type: 'tag' }
32 verbose addNamed cookie-parser@latest
33 silly addNamed semver.valid null
34 silly addNamed semver.validRange null
35 info addNameTag [ 'cookie-parser', 'latest' ]
36 silly mapToRegistry name cookie-parser
37 silly mapToRegistry using default registry
38 silly mapToRegistry registry https://registry.npmjs.org/
39 silly mapToRegistry uri https://registry.npmjs.org/cookie-parser
40 verbose addNameTag registry:https://registry.npmjs.org/cookie-parser not in flight; fetching
41 silly cache add parsed spec { raw: 'cookies.txt@latest',
41 silly cache add   scope: null,
41 silly cache add   name: 'cookies.txt',
41 silly cache add   rawSpec: 'latest',
41 silly cache add   spec: 'latest',
41 silly cache add   type: 'tag' }
42 verbose addNamed cookies.txt@latest
43 silly addNamed semver.valid null
44 silly addNamed semver.validRange null
45 info addNameTag [ 'cookies.txt', 'latest' ]
46 silly mapToRegistry name cookies.txt
47 silly mapToRegistry using default registry
48 silly mapToRegistry registry https://registry.npmjs.org/
49 silly mapToRegistry uri https://registry.npmjs.org/cookies.txt
50 verbose addNameTag registry:https://registry.npmjs.org/cookies.txt not in flight; fetching
51 silly cache add parsed spec { raw: 'request@latest',
51 silly cache add   scope: null,
51 silly cache add   name: 'request',
51 silly cache add   rawSpec: 'latest',
51 silly cache add   spec: 'latest',
51 silly cache add   type: 'tag' }
52 verbose addNamed request@latest
53 silly addNamed semver.valid null
54 silly addNamed semver.validRange null
55 info addNameTag [ 'request', 'latest' ]
56 silly mapToRegistry name request
57 silly mapToRegistry using default registry
58 silly mapToRegistry registry https://registry.npmjs.org/
59 silly mapToRegistry uri https://registry.npmjs.org/request
60 verbose addNameTag registry:https://registry.npmjs.org/request not in flight; fetching
61 silly cache add parsed spec { raw: 'express@latest',
61 silly cache add   scope: null,
61 silly cache add   name: 'express',
61 silly cache add   rawSpec: 'latest',
61 silly cache add   spec: 'latest',
61 silly cache add   type: 'tag' }
62 verbose addNamed express@latest
63 silly addNamed semver.valid null
64 silly addNamed semver.validRange null
65 info addNameTag [ 'express', 'latest' ]
66 silly mapToRegistry name express
67 silly mapToRegistry using default registry
68 silly mapToRegistry registry https://registry.npmjs.org/
69 silly mapToRegistry uri https://registry.npmjs.org/express
70 verbose addNameTag registry:https://registry.npmjs.org/express not in flight; fetching
71 silly cache add parsed spec { raw: 'typescript@latest',
71 silly cache add   scope: null,
71 silly cache add   name: 'typescript',
71 silly cache add   rawSpec: 'latest',
71 silly cache add   spec: 'latest',
71 silly cache add   type: 'tag' }
72 verbose addNamed typescript@latest
73 silly addNamed semver.valid null
74 silly addNamed semver.validRange null
75 info addNameTag [ 'typescript', 'latest' ]
76 silly mapToRegistry name typescript
77 silly mapToRegistry using default registry
78 silly mapToRegistry registry https://registry.npmjs.org/
79 silly mapToRegistry uri https://registry.npmjs.org/typescript
80 verbose addNameTag registry:https://registry.npmjs.org/typescript not in flight; fetching
81 silly cache add args [ 'cheerio@latest', null ]
82 verbose cache add spec cheerio@latest
83 silly cache add parsed spec { raw: 'cheerio@latest',
83 silly cache add   scope: null,
83 silly cache add   name: 'cheerio',
83 silly cache add   rawSpec: 'latest',
83 silly cache add   spec: 'latest',
83 silly cache add   type: 'tag' }
84 verbose addNamed cheerio@latest
85 silly addNamed semver.valid null
86 silly addNamed semver.validRange null
87 info addNameTag [ 'cheerio', 'latest' ]
88 silly mapToRegistry name cheerio
89 silly mapToRegistry using default registry
90 silly mapToRegistry registry https://registry.npmjs.org/
91 silly mapToRegistry uri https://registry.npmjs.org/cheerio
92 verbose addNameTag registry:https://registry.npmjs.org/cheerio not in flight; fetching
93 verbose request uri https://registry.npmjs.org/node-curl
94 verbose request no auth needed
95 info attempt registry request try #1 at 12:32:22 PM
96 verbose request id f72a548a857f331d
97 verbose etag "5U5Y3UM85O42DVLSY2ZWJNWJR"
98 http request GET https://registry.npmjs.org/node-curl
99 verbose request uri https://registry.npmjs.org/cookie-parser
100 verbose request no auth needed
101 info attempt registry request try #1 at 12:32:22 PM
102 verbose etag "DAADVU318CKOYXQAHE726R9D0"
103 http request GET https://registry.npmjs.org/cookie-parser
104 verbose request uri https://registry.npmjs.org/cookies.txt
105 verbose request no auth needed
106 info attempt registry request try #1 at 12:32:22 PM
107 verbose etag "ATJJ6BU3Q0KL4AS3D1144P7C"
108 http request GET https://registry.npmjs.org/cookies.txt
109 verbose request uri https://registry.npmjs.org/request
110 verbose request no auth needed
111 info attempt registry request try #1 at 12:32:22 PM
112 verbose etag "DT2KEWUJJ29ZCI10732TIAAGU"
113 http request GET https://registry.npmjs.org/request
114 verbose request uri https://registry.npmjs.org/typescript
115 verbose request no auth needed
116 info attempt registry request try #1 at 12:32:22 PM
117 verbose etag "CPZ639H3OL9JEV5QM7JS9F4F7"
118 http request GET https://registry.npmjs.org/typescript
119 verbose request uri https://registry.npmjs.org/express
120 verbose request no auth needed
121 info attempt registry request try #1 at 12:32:22 PM
122 verbose etag "DYPEG1YNOEKCDHPNEZX8VEWYM"
123 http request GET https://registry.npmjs.org/express
124 verbose request uri https://registry.npmjs.org/cheerio
125 verbose request no auth needed
126 info attempt registry request try #1 at 12:32:22 PM
127 verbose etag "8R7RHXKA0BP1QFTUHX4BWCYG"
128 http request GET https://registry.npmjs.org/cheerio
129 http 304 https://registry.npmjs.org/cheerio
130 silly get cb [ 304,
130 silly get   { date: 'Tue, 10 Mar 2015 01:32:22 GMT',
130 silly get     server: 'Apache',
130 silly get     via: '1.1 varnish',
130 silly get     'last-modified': 'Tue, 10 Mar 2015 01:32:22 GMT',
130 silly get     'cache-control': 'max-age=60',
130 silly get     etag: '"8R7RHXKA0BP1QFTUHX4BWCYG"',
130 silly get     age: '6',
130 silly get     'x-served-by': 'cache-dfw1822-DFW',
130 silly get     'x-cache': 'HIT',
130 silly get     'x-cache-hits': '1',
130 silly get     'x-timer': 'S1425951142.396072,VS0,VE0',
130 silly get     vary: 'Accept',
130 silly get     'content-length': '0',
130 silly get     'keep-alive': 'timeout=10, max=50',
130 silly get     connection: 'Keep-Alive' } ]
131 verbose etag https://registry.npmjs.org/cheerio from cache
132 verbose get saving cheerio to /Users/ryanpuskas/.npm/registry.npmjs.org/cheerio/.cache.json
133 silly addNameTag next cb for cheerio with tag latest
134 verbose addNamed cheerio@0.18.0
135 silly addNamed semver.valid 0.18.0
136 silly addNamed semver.validRange 0.18.0
137 silly cache afterAdd cheerio@0.18.0
138 verbose afterAdd /Users/ryanpuskas/.npm/cheerio/0.18.0/package/package.json not in flight; writing
139 verbose afterAdd /Users/ryanpuskas/.npm/cheerio/0.18.0/package/package.json written
140 info already installed cheerio@0.18.0
141 http 304 https://registry.npmjs.org/cookie-parser
142 silly get cb [ 304,
142 silly get   { date: 'Tue, 10 Mar 2015 01:32:22 GMT',
142 silly get     server: 'Apache',
142 silly get     via: '1.1 varnish',
142 silly get     'last-modified': 'Tue, 10 Mar 2015 01:32:22 GMT',
142 silly get     'cache-control': 'max-age=60',
142 silly get     etag: '"DAADVU318CKOYXQAHE726R9D0"',
142 silly get     age: '0',
142 silly get     'x-served-by': 'cache-dfw1830-DFW',
142 silly get     'x-cache': 'HIT',
142 silly get     'x-cache-hits': '1',
142 silly get     'x-timer': 'S1425951142.398057,VS0,VE42',
142 silly get     vary: 'Accept',
142 silly get     'content-length': '0',
142 silly get     'keep-alive': 'timeout=10, max=50',
142 silly get     connection: 'Keep-Alive' } ]
143 verbose etag https://registry.npmjs.org/cookie-parser from cache
144 verbose get saving cookie-parser to /Users/ryanpuskas/.npm/registry.npmjs.org/cookie-parser/.cache.json
145 silly addNameTag next cb for cookie-parser with tag latest
146 verbose addNamed cookie-parser@1.3.4
147 silly addNamed semver.valid 1.3.4
148 silly addNamed semver.validRange 1.3.4
149 silly cache afterAdd cookie-parser@1.3.4
150 verbose afterAdd /Users/ryanpuskas/.npm/cookie-parser/1.3.4/package/package.json not in flight; writing
151 verbose afterAdd /Users/ryanpuskas/.npm/cookie-parser/1.3.4/package/package.json written
152 info already installed cookie-parser@1.3.4
153 http 304 https://registry.npmjs.org/request
154 silly get cb [ 304,
154 silly get   { date: 'Tue, 10 Mar 2015 01:32:22 GMT',
154 silly get     server: 'Apache',
154 silly get     via: '1.1 varnish',
154 silly get     'last-modified': 'Tue, 10 Mar 2015 01:32:22 GMT',
154 silly get     'cache-control': 'max-age=60',
154 silly get     etag: '"DT2KEWUJJ29ZCI10732TIAAGU"',
154 silly get     age: '25',
154 silly get     'x-served-by': 'cache-dfw1822-DFW',
154 silly get     'x-cache': 'HIT',
154 silly get     'x-cache-hits': '1',
154 silly get     'x-timer': 'S1425951142.444700,VS0,VE1',
154 silly get     vary: 'Accept',
154 silly get     'content-length': '0',
154 silly get     'keep-alive': 'timeout=10, max=50',
154 silly get     connection: 'Keep-Alive' } ]
155 verbose etag https://registry.npmjs.org/request from cache
156 verbose get saving request to /Users/ryanpuskas/.npm/registry.npmjs.org/request/.cache.json
157 http 304 https://registry.npmjs.org/express
158 silly get cb [ 304,
158 silly get   { date: 'Tue, 10 Mar 2015 01:32:22 GMT',
158 silly get     server: 'Apache',
158 silly get     via: '1.1 varnish',
158 silly get     'last-modified': 'Tue, 10 Mar 2015 01:32:22 GMT',
158 silly get     'cache-control': 'max-age=60',
158 silly get     etag: '"DYPEG1YNOEKCDHPNEZX8VEWYM"',
158 silly get     age: '23',
158 silly get     'x-served-by': 'cache-dfw1820-DFW',
158 silly get     'x-cache': 'HIT',
158 silly get     'x-cache-hits': '1',
158 silly get     'x-timer': 'S1425951142.445298,VS0,VE2',
158 silly get     vary: 'Accept',
158 silly get     'content-length': '0',
158 silly get     'keep-alive': 'timeout=10, max=50',
158 silly get     connection: 'Keep-Alive' } ]
159 verbose etag https://registry.npmjs.org/express from cache
160 verbose get saving express to /Users/ryanpuskas/.npm/registry.npmjs.org/express/.cache.json
161 silly addNameTag next cb for request with tag latest
162 verbose addNamed request@2.53.0
163 silly addNamed semver.valid 2.53.0
164 silly addNamed semver.validRange 2.53.0
165 silly cache afterAdd request@2.53.0
166 verbose afterAdd /Users/ryanpuskas/.npm/request/2.53.0/package/package.json not in flight; writing
167 http 304 https://registry.npmjs.org/cookies.txt
168 silly get cb [ 304,
168 silly get   { date: 'Tue, 10 Mar 2015 01:32:22 GMT',
168 silly get     server: 'Apache',
168 silly get     via: '1.1 varnish',
168 silly get     'last-modified': 'Tue, 10 Mar 2015 01:32:22 GMT',
168 silly get     'cache-control': 'max-age=60',
168 silly get     etag: '"ATJJ6BU3Q0KL4AS3D1144P7C"',
168 silly get     age: '0',
168 silly get     'x-served-by': 'cache-dfw1824-DFW',
168 silly get     'x-cache': 'HIT',
168 silly get     'x-cache-hits': '1',
168 silly get     'x-timer': 'S1425951142.396818,VS0,VE63',
168 silly get     vary: 'Accept',
168 silly get     'content-length': '0',
168 silly get     'keep-alive': 'timeout=10, max=50',
168 silly get     connection: 'Keep-Alive' } ]
169 verbose etag https://registry.npmjs.org/cookies.txt from cache
170 verbose get saving cookies.txt to /Users/ryanpuskas/.npm/registry.npmjs.org/cookies.txt/.cache.json
171 silly addNameTag next cb for express with tag latest
172 verbose addNamed express@4.12.2
173 silly addNamed semver.valid 4.12.2
174 silly addNamed semver.validRange 4.12.2
175 verbose afterAdd /Users/ryanpuskas/.npm/request/2.53.0/package/package.json written
176 info already installed request@2.53.0
177 silly cache afterAdd express@4.12.2
178 verbose afterAdd /Users/ryanpuskas/.npm/express/4.12.2/package/package.json not in flight; writing
179 silly addNameTag next cb for cookies.txt with tag latest
180 verbose addNamed cookies.txt@0.1.1
181 silly addNamed semver.valid 0.1.1
182 silly addNamed semver.validRange 0.1.1
183 verbose afterAdd /Users/ryanpuskas/.npm/express/4.12.2/package/package.json written
184 info already installed express@4.12.2
185 silly cache afterAdd cookies.txt@0.1.1
186 verbose afterAdd /Users/ryanpuskas/.npm/cookies.txt/0.1.1/package/package.json not in flight; writing
187 verbose afterAdd /Users/ryanpuskas/.npm/cookies.txt/0.1.1/package/package.json written
188 info already installed cookies.txt@0.1.1
189 http 304 https://registry.npmjs.org/node-curl
190 silly get cb [ 304,
190 silly get   { date: 'Tue, 10 Mar 2015 01:32:22 GMT',
190 silly get     server: 'Apache',
190 silly get     via: '1.1 varnish',
190 silly get     'last-modified': 'Tue, 10 Mar 2015 01:32:22 GMT',
190 silly get     'cache-control': 'max-age=60',
190 silly get     etag: '"5U5Y3UM85O42DVLSY2ZWJNWJR"',
190 silly get     age: '0',
190 silly get     'x-served-by': 'cache-dfw1832-DFW',
190 silly get     'x-cache': 'MISS',
190 silly get     'x-cache-hits': '0',
190 silly get     'x-timer': 'S1425951142.445271,VS0,VE42',
190 silly get     vary: 'Accept',
190 silly get     'content-length': '0',
190 silly get     'keep-alive': 'timeout=10, max=50',
190 silly get     connection: 'Keep-Alive' } ]
191 verbose etag https://registry.npmjs.org/node-curl from cache
192 verbose get saving node-curl to /Users/ryanpuskas/.npm/registry.npmjs.org/node-curl/.cache.json
193 silly cache afterAdd node-curl@0.3.3
194 verbose afterAdd /Users/ryanpuskas/.npm/node-curl/0.3.3/package/package.json not in flight; writing
195 verbose afterAdd /Users/ryanpuskas/.npm/node-curl/0.3.3/package/package.json written
196 http 304 https://registry.npmjs.org/typescript
197 silly get cb [ 304,
197 silly get   { date: 'Tue, 10 Mar 2015 01:32:22 GMT',
197 silly get     server: 'Apache',
197 silly get     via: '1.1 varnish',
197 silly get     'last-modified': 'Tue, 10 Mar 2015 01:32:22 GMT',
197 silly get     'cache-control': 'max-age=60',
197 silly get     etag: '"CPZ639H3OL9JEV5QM7JS9F4F7"',
197 silly get     age: '0',
197 silly get     'x-served-by': 'cache-dfw1824-DFW',
197 silly get     'x-cache': 'HIT',
197 silly get     'x-cache-hits': '1',
197 silly get     'x-timer': 'S1425951142.397077,VS0,VE188',
197 silly get     vary: 'Accept',
197 silly get     'content-length': '0',
197 silly get     'keep-alive': 'timeout=10, max=50',
197 silly get     connection: 'Keep-Alive' } ]
198 verbose etag https://registry.npmjs.org/typescript from cache
199 verbose get saving typescript to /Users/ryanpuskas/.npm/registry.npmjs.org/typescript/.cache.json
200 silly addNameTag next cb for typescript with tag latest
201 verbose addNamed typescript@1.4.1
202 silly addNamed semver.valid 1.4.1
203 silly addNamed semver.validRange 1.4.1
204 silly cache afterAdd typescript@1.4.1
205 verbose afterAdd /Users/ryanpuskas/.npm/typescript/1.4.1/package/package.json not in flight; writing
206 verbose afterAdd /Users/ryanpuskas/.npm/typescript/1.4.1/package/package.json written
207 info already installed typescript@1.4.1
208 silly install resolved [ { name: 'node-curl',
208 silly install resolved     version: '0.3.3',
208 silly install resolved     author: { name: 'Jiang Miao', email: 'jiangfriend@gmail.com' },
208 silly install resolved     description: 'node wrapper for multi curl, fully implemented.',
208 silly install resolved     keywords: [ 'node-curl', 'curl', 'multi-curl', 'mcurl' ],
208 silly install resolved     homepage: 'http://github.com/jiangmiao/node-curl',
208 silly install resolved     repository: { type: 'git', url: 'git://github.com/jiangmiao/node-curl.git' },
208 silly install resolved     main: './lib',
208 silly install resolved     scripts: { install: 'sh src/generate_curl_options_list.sh && (node-gyp rebuild || node-waf configure build)' },
208 silly install resolved     engines: { node: '>= 0.6.0' },
208 silly install resolved     bugs: { url: 'https://github.com/jiangmiao/node-curl/issues' },
208 silly install resolved     _id: 'node-curl@0.3.3',
208 silly install resolved     _shasum: '71274370774c2298b860307a9e45877701638735',
208 silly install resolved     _resolved: 'https://registry.npmjs.org/node-curl/-/node-curl-0.3.3.tgz',
208 silly install resolved     _from: 'node-curl@0.3.3',
208 silly install resolved     _npmVersion: '1.4.23',
208 silly install resolved     _npmUser: { name: 'jiangmiao', email: 'jiangfriend@gmail.com' },
208 silly install resolved     maintainers: [ [Object] ],
208 silly install resolved     dist:
208 silly install resolved      { shasum: '71274370774c2298b860307a9e45877701638735',
208 silly install resolved        tarball: 'http://registry.npmjs.org/node-curl/-/node-curl-0.3.3.tgz' },
208 silly install resolved     directories: {},
208 silly install resolved     readme: 'ERROR: No README data found!' } ]
209 info install node-curl@0.3.3 into /Users/ryanpuskas/Documents/express_demo
210 info installOne node-curl@0.3.3
211 verbose installOne of node-curl to /Users/ryanpuskas/Documents/express_demo not in flight; installing
212 verbose lock using /Users/ryanpuskas/.npm/_locks/node-curl-2f5609ee564e31ad.lock for /Users/ryanpuskas/Documents/express_demo/node_modules/node-curl
213 silly install write writing node-curl 0.3.3 to /Users/ryanpuskas/Documents/express_demo/node_modules/node-curl
214 silly cache addNamed cb node-curl@0.3.3
215 verbose unbuild node_modules/node-curl
216 verbose gentlyRm vacuuming /Users/ryanpuskas/Documents/express_demo/node_modules/node-curl
217 verbose tar unpack /Users/ryanpuskas/.npm/node-curl/0.3.3/package.tgz
218 verbose tar unpacking to /Users/ryanpuskas/Documents/express_demo/node_modules/node-curl
219 verbose gentlyRm vacuuming /Users/ryanpuskas/Documents/express_demo/node_modules/node-curl
220 silly gunzTarPerm modes [ '755', '644' ]
221 silly gunzTarPerm extractEntry package.json
222 silly gunzTarPerm extractEntry .npmignore
223 silly gunzTarPerm extractEntry README.md
224 silly gunzTarPerm extractEntry index.js
225 silly gunzTarPerm extractEntry binding.gyp
226 silly gunzTarPerm extractEntry examples/curl.js
227 silly gunzTarPerm extractEntry examples/low-level.js
228 silly gunzTarPerm extractEntry examples/post-multi-part.js
229 silly gunzTarPerm extractEntry examples/test.js
230 silly gunzTarPerm extractEntry examples/low-level-pressure.js
231 silly gunzTarPerm extractEntry examples/test-stream.js
232 silly gunzTarPerm extractEntry examples/pressure-multi-post.js
233 silly gunzTarPerm extractEntry examples/test-get-info.js
234 silly gunzTarPerm extractEntry examples/test-errors.js
235 silly gunzTarPerm extractEntry examples/quick-start.js
236 silly gunzTarPerm extractEntry examples/post.js
237 silly gunzTarPerm extractEntry examples/pressure.js
238 silly gunzTarPerm extractEntry examples/pressure.toffee
239 silly gunzTarPerm extractEntry examples/curl.toffee
240 silly gunzTarPerm extractEntry examples/test-errors.toffee
241 silly gunzTarPerm extractEntry examples/pressure-multi-post.toffee
242 silly gunzTarPerm extractEntry examples/post.toffee
243 silly gunzTarPerm extractEntry examples/test-stream.toffee
244 silly gunzTarPerm extractEntry examples/post-multi-part.toffee
245 silly gunzTarPerm extractEntry examples/test.toffee
246 silly gunzTarPerm extractEntry .travis.yml
247 silly gunzTarPerm extractEntry index.toffee
248 silly gunzTarPerm extractEntry lib/Curl.js
249 silly gunzTarPerm extractEntry lib/CurlBuilder.js
250 silly gunzTarPerm extractEntry lib/Curl.toffee
251 silly gunzTarPerm extractEntry lib/CurlBuilder.toffee
252 silly gunzTarPerm extractEntry LICENSE-MIT
253 silly gunzTarPerm extractEntry src/generate_curl_options_list.sh
254 silly gunzTarPerm extractEntry src/node-curl.cc
255 silly gunzTarPerm extractEntry src/node-curl.h
256 silly gunzTarPerm extractEntry wscript
257 info preinstall node-curl@0.3.3
258 silly install resolved []
259 verbose about to build /Users/ryanpuskas/Documents/express_demo/node_modules/node-curl
260 info build /Users/ryanpuskas/Documents/express_demo/node_modules/node-curl
261 verbose linkStuff [ false,
261 verbose linkStuff   false,
261 verbose linkStuff   false,
261 verbose linkStuff   '/Users/ryanpuskas/Documents/express_demo/node_modules' ]
262 info linkStuff node-curl@0.3.3
263 verbose linkBins node-curl@0.3.3
264 verbose linkMans node-curl@0.3.3
265 verbose rebuildBundles node-curl@0.3.3
266 info install node-curl@0.3.3
267 verbose unsafe-perm in lifecycle true
268 info node-curl@0.3.3 Failed to exec install script
269 verbose unlock done using /Users/ryanpuskas/.npm/_locks/node-curl-2f5609ee564e31ad.lock for /Users/ryanpuskas/Documents/express_demo/node_modules/node-curl
270 verbose stack Error: node-curl@0.3.3 install: `sh src/generate_curl_options_list.sh && (node-gyp rebuild || node-waf configure build)`
270 verbose stack Exit status 127
270 verbose stack     at EventEmitter.<anonymous> (/usr/local/lib/node_modules/npm/lib/utils/lifecycle.js:213:16)
270 verbose stack     at EventEmitter.emit (events.js:110:17)
270 verbose stack     at ChildProcess.<anonymous> (/usr/local/lib/node_modules/npm/lib/utils/spawn.js:14:12)
270 verbose stack     at ChildProcess.emit (events.js:110:17)
270 verbose stack     at maybeClose (child_process.js:1008:16)
270 verbose stack     at Process.ChildProcess._handle.onexit (child_process.js:1080:5)
271 verbose pkgid node-curl@0.3.3
272 verbose cwd /Users/ryanpuskas/Documents/express_demo
273 error Darwin 13.4.0
274 error argv "node" "/usr/local/bin/npm" "install"
275 error node v0.12.0
276 error npm  v2.6.1
277 error code ELIFECYCLE
278 error node-curl@0.3.3 install: `sh src/generate_curl_options_list.sh && (node-gyp rebuild || node-waf configure build)`
278 error Exit status 127
279 error Failed at the node-curl@0.3.3 install script 'sh src/generate_curl_options_list.sh && (node-gyp rebuild || node-waf configure build)'.
279 error This is most likely a problem with the node-curl package,
279 error not with npm itself.
279 error Tell the author that this fails on your system:
279 error     sh src/generate_curl_options_list.sh && (node-gyp rebuild || node-waf configure build)
279 error You can get their info via:
279 error     npm owner ls node-curl
279 error There is likely additional logging output above.
280 verbose exit [ 1, true ]
281 verbose unbuild node_modules/node-curl
282 info preuninstall node-curl@0.3.3
283 info uninstall node-curl@0.3.3
284 verbose unbuild rmStuff node-curl@0.3.3 from /Users/ryanpuskas/Documents/express_demo/node_modules
285 info postuninstall node-curl@0.3.3
286 verbose gentlyRm vacuuming /Users/ryanpuskas/Documents/express_demo/node_modules/node-curl
287 silly gentlyRm purging /Users/ryanpuskas/Documents/express_demo/node_modules/node-curl
288 silly gentlyRm quitting because other entries in /Users/ryanpuskas/Documents/express_demo/node_modules
